<?xml version="1.0" encoding="UTF-8"?>
<coverage generated="1548392308040" clover="3.2.0">
  <project timestamp="1548392308040" name="All files">
    <metrics statements="799" coveredstatements="298" conditionals="660" coveredconditionals="103" methods="228" coveredmethods="30" elements="1687" coveredelements="431" complexity="0" loc="799" ncloc="799" packages="4" files="5" classes="5">
      <package name="babel-plugin-extract-react-types">
        <metrics statements="9" coveredstatements="9" conditionals="2" coveredconditionals="1" methods="2" coveredmethods="2"/>
        <file name="index.js" path="/Users/mitchellhamilton/projects/babel-plugin-extract-react-types/index.js">
          <metrics statements="9" coveredstatements="9" conditionals="2" coveredconditionals="1" methods="2" coveredmethods="2"/>
          <line num="1" count="1" type="stmt"/>
          <line num="3" count="1" type="stmt"/>
          <line num="5" count="1" type="stmt"/>
          <line num="6" count="1" type="stmt"/>
          <line num="8" count="1" type="stmt"/>
          <line num="11" count="16" type="stmt"/>
          <line num="16" count="16" type="stmt"/>
          <line num="21" count="16" type="cond" truecount="1" falsecount="1"/>
          <line num="22" count="16" type="stmt"/>
        </file>
      </package>
      <package name="babel-plugin-extract-react-types.__snapshots__">
        <metrics statements="16" coveredstatements="0" conditionals="0" coveredconditionals="0" methods="0" coveredmethods="0"/>
        <file name="index.test.js.snap" path="/Users/mitchellhamilton/projects/babel-plugin-extract-react-types/__snapshots__/index.test.js.snap">
          <metrics statements="16" coveredstatements="0" conditionals="0" coveredconditionals="0" methods="0" coveredmethods="0"/>
          <line num="3" count="0" type="stmt"/>
          <line num="42" count="0" type="stmt"/>
          <line num="81" count="0" type="stmt"/>
          <line num="122" count="0" type="stmt"/>
          <line num="163" count="0" type="stmt"/>
          <line num="205" count="0" type="stmt"/>
          <line num="249" count="0" type="stmt"/>
          <line num="293" count="0" type="stmt"/>
          <line num="335" count="0" type="stmt"/>
          <line num="377" count="0" type="stmt"/>
          <line num="417" count="0" type="stmt"/>
          <line num="456" count="0" type="stmt"/>
          <line num="495" count="0" type="stmt"/>
          <line num="534" count="0" type="stmt"/>
          <line num="573" count="0" type="stmt"/>
          <line num="612" count="0" type="stmt"/>
        </file>
      </package>
      <package name="babel-plugin-extract-react-types.coverage.lcov-report">
        <metrics statements="78" coveredstatements="0" conditionals="306" coveredconditionals="0" methods="46" coveredmethods="0"/>
        <file name="prettify.js" path="/Users/mitchellhamilton/projects/babel-plugin-extract-react-types/coverage/lcov-report/prettify.js">
          <metrics statements="1" coveredstatements="0" conditionals="284" coveredconditionals="0" methods="29" coveredmethods="0"/>
          <line num="1" count="0" type="cond" truecount="0" falsecount="284"/>
        </file>
        <file name="sorter.js" path="/Users/mitchellhamilton/projects/babel-plugin-extract-react-types/coverage/lcov-report/sorter.js">
          <metrics statements="77" coveredstatements="0" conditionals="22" coveredconditionals="0" methods="17" coveredmethods="0"/>
          <line num="1" count="0" type="stmt"/>
          <line num="4" count="0" type="stmt"/>
          <line num="10" count="0" type="stmt"/>
          <line num="12" count="0" type="stmt"/>
          <line num="14" count="0" type="stmt"/>
          <line num="16" count="0" type="stmt"/>
          <line num="20" count="0" type="stmt"/>
          <line num="22" count="0" type="stmt"/>
          <line num="26" count="0" type="stmt"/>
          <line num="27" count="0" type="stmt"/>
          <line num="28" count="0" type="stmt"/>
          <line num="33" count="0" type="stmt"/>
          <line num="34" count="0" type="cond" truecount="0" falsecount="2"/>
          <line num="35" count="0" type="stmt"/>
          <line num="36" count="0" type="stmt"/>
          <line num="39" count="0" type="stmt"/>
          <line num="44" count="0" type="stmt"/>
          <line num="47" count="0" type="stmt"/>
          <line num="50" count="0" type="stmt"/>
          <line num="51" count="0" type="stmt"/>
          <line num="52" count="0" type="stmt"/>
          <line num="53" count="0" type="stmt"/>
          <line num="54" count="0" type="cond" truecount="0" falsecount="2"/>
          <line num="55" count="0" type="stmt"/>
          <line num="57" count="0" type="stmt"/>
          <line num="59" count="0" type="stmt"/>
          <line num="63" count="0" type="stmt"/>
          <line num="66" count="0" type="stmt"/>
          <line num="67" count="0" type="stmt"/>
          <line num="72" count="0" type="stmt"/>
          <line num="73" count="0" type="stmt"/>
          <line num="74" count="0" type="stmt"/>
          <line num="75" count="0" type="stmt"/>
          <line num="76" count="0" type="cond" truecount="0" falsecount="4"/>
          <line num="78" count="0" type="stmt"/>
          <line num="79" count="0" type="stmt"/>
          <line num="80" count="0" type="stmt"/>
          <line num="81" count="0" type="stmt"/>
          <line num="84" count="0" type="cond" truecount="0" falsecount="2"/>
          <line num="85" count="0" type="stmt"/>
          <line num="86" count="0" type="stmt"/>
          <line num="90" count="0" type="stmt"/>
          <line num="91" count="0" type="stmt"/>
          <line num="92" count="0" type="stmt"/>
          <line num="95" count="0" type="stmt"/>
          <line num="97" count="0" type="stmt"/>
          <line num="98" count="0" type="stmt"/>
          <line num="103" count="0" type="stmt"/>
          <line num="104" count="0" type="stmt"/>
          <line num="106" count="0" type="stmt"/>
          <line num="107" count="0" type="stmt"/>
          <line num="111" count="0" type="cond" truecount="0" falsecount="2"/>
          <line num="117" count="0" type="stmt"/>
          <line num="118" count="0" type="stmt"/>
          <line num="120" count="0" type="stmt"/>
          <line num="121" count="0" type="stmt"/>
          <line num="123" count="0" type="cond" truecount="0" falsecount="2"/>
          <line num="124" count="0" type="stmt"/>
          <line num="126" count="0" type="stmt"/>
          <line num="127" count="0" type="stmt"/>
          <line num="128" count="0" type="stmt"/>
          <line num="129" count="0" type="stmt"/>
          <line num="130" count="0" type="stmt"/>
          <line num="133" count="0" type="stmt"/>
          <line num="134" count="0" type="cond" truecount="0" falsecount="2"/>
          <line num="137" count="0" type="stmt"/>
          <line num="138" count="0" type="cond" truecount="0" falsecount="2"/>
          <line num="139" count="0" type="stmt"/>
          <line num="141" count="0" type="stmt"/>
          <line num="147" count="0" type="stmt"/>
          <line num="148" count="0" type="cond" truecount="0" falsecount="2"/>
          <line num="149" count="0" type="stmt"/>
          <line num="151" count="0" type="stmt"/>
          <line num="152" count="0" type="stmt"/>
          <line num="153" count="0" type="stmt"/>
          <line num="154" count="0" type="stmt"/>
          <line num="158" count="0" type="stmt"/>
        </file>
      </package>
      <package name="babel-plugin-extract-react-types.extract-react-types">
        <metrics statements="696" coveredstatements="289" conditionals="352" coveredconditionals="102" methods="180" coveredmethods="28"/>
        <file name="index.js" path="/Users/mitchellhamilton/projects/babel-plugin-extract-react-types/extract-react-types/index.js">
          <metrics statements="696" coveredstatements="289" conditionals="352" coveredconditionals="102" methods="180" coveredmethods="28"/>
          <line num="7" count="1" type="stmt"/>
          <line num="8" count="1" type="stmt"/>
          <line num="12" count="1" type="stmt"/>
          <line num="13" count="1" type="stmt"/>
          <line num="14" count="1" type="stmt"/>
          <line num="15" count="1" type="stmt"/>
          <line num="16" count="1" type="stmt"/>
          <line num="17" count="1" type="stmt"/>
          <line num="18" count="1" type="stmt"/>
          <line num="19" count="1" type="stmt"/>
          <line num="20" count="1" type="stmt"/>
          <line num="22" count="1" type="stmt"/>
          <line num="23" count="1" type="stmt"/>
          <line num="25" count="1" type="stmt"/>
          <line num="29" count="0" type="stmt"/>
          <line num="32" count="1" type="stmt"/>
          <line num="33" count="10" type="cond" truecount="3" falsecount="1"/>
          <line num="34" count="10" type="stmt"/>
          <line num="35" count="10" type="cond" truecount="4" falsecount="0"/>
          <line num="36" count="7" type="stmt"/>
          <line num="38" count="3" type="cond" truecount="4" falsecount="0"/>
          <line num="39" count="1" type="stmt"/>
          <line num="42" count="2" type="stmt"/>
          <line num="45" count="1" type="stmt"/>
          <line num="47" count="1" type="stmt"/>
          <line num="50" count="0" type="cond" truecount="0" falsecount="2"/>
          <line num="51" count="0" type="stmt"/>
          <line num="58" count="0" type="stmt"/>
          <line num="59" count="0" type="cond" truecount="0" falsecount="2"/>
          <line num="60" count="0" type="stmt"/>
          <line num="61" count="0" type="cond" truecount="0" falsecount="4"/>
          <line num="62" count="0" type="stmt"/>
          <line num="63" count="0" type="cond" truecount="0" falsecount="2"/>
          <line num="65" count="0" type="cond" truecount="0" falsecount="4"/>
          <line num="66" count="0" type="stmt"/>
          <line num="67" count="0" type="cond" truecount="0" falsecount="2"/>
          <line num="71" count="0" type="stmt"/>
          <line num="75" count="0" type="stmt"/>
          <line num="78" count="1" type="stmt"/>
          <line num="79" count="0" type="cond" truecount="0" falsecount="2"/>
          <line num="80" count="0" type="stmt"/>
          <line num="83" count="1" type="stmt"/>
          <line num="85" count="0" type="cond" truecount="0" falsecount="2"/>
          <line num="86" count="0" type="stmt"/>
          <line num="87" count="0" type="cond" truecount="0" falsecount="2"/>
          <line num="89" count="0" type="cond" truecount="0" falsecount="2"/>
          <line num="90" count="0" type="stmt"/>
          <line num="93" count="0" type="stmt"/>
          <line num="96" count="1" type="stmt"/>
          <line num="98" count="0" type="cond" truecount="0" falsecount="3"/>
          <line num="101" count="0" type="cond" truecount="0" falsecount="2"/>
          <line num="102" count="0" type="stmt"/>
          <line num="104" count="0" type="stmt"/>
          <line num="107" count="0" type="stmt"/>
          <line num="109" count="0" type="cond" truecount="0" falsecount="2"/>
          <line num="110" count="0" type="stmt"/>
          <line num="112" count="0" type="stmt"/>
          <line num="116" count="1" type="stmt"/>
          <line num="117" count="5" type="stmt"/>
          <line num="119" count="5" type="stmt"/>
          <line num="123" count="5" type="cond" truecount="1" falsecount="1"/>
          <line num="127" count="0" type="stmt"/>
          <line num="130" count="5" type="stmt"/>
          <line num="132" count="5" type="cond" truecount="1" falsecount="1"/>
          <line num="133" count="5" type="stmt"/>
          <line num="134" count="0" type="cond" truecount="0" falsecount="2"/>
          <line num="139" count="0" type="stmt"/>
          <line num="140" count="0" type="cond" truecount="0" falsecount="2"/>
          <line num="141" count="0" type="stmt"/>
          <line num="145" count="0" type="stmt"/>
          <line num="150" count="1" type="stmt"/>
          <line num="154" count="0" type="stmt"/>
          <line num="156" count="0" type="cond" truecount="0" falsecount="2"/>
          <line num="157" count="0" type="stmt"/>
          <line num="159" count="0" type="stmt"/>
          <line num="160" count="0" type="cond" truecount="0" falsecount="2"/>
          <line num="162" count="0" type="stmt"/>
          <line num="163" count="0" type="stmt"/>
          <line num="164" count="0" type="cond" truecount="0" falsecount="2"/>
          <line num="165" count="0" type="stmt"/>
          <line num="169" count="0" type="stmt"/>
          <line num="171" count="0" type="cond" truecount="0" falsecount="2"/>
          <line num="172" count="0" type="stmt"/>
          <line num="176" count="0" type="cond" truecount="0" falsecount="2"/>
          <line num="177" count="0" type="stmt"/>
          <line num="179" count="0" type="stmt"/>
          <line num="184" count="0" type="cond" truecount="0" falsecount="2"/>
          <line num="188" count="0" type="cond" truecount="0" falsecount="2"/>
          <line num="192" count="0" type="stmt"/>
          <line num="193" count="0" type="stmt"/>
          <line num="196" count="0" type="cond" truecount="0" falsecount="2"/>
          <line num="206" count="0" type="stmt"/>
          <line num="211" count="0" type="cond" truecount="0" falsecount="2"/>
          <line num="215" count="0" type="stmt"/>
          <line num="220" count="0" type="stmt"/>
          <line num="222" count="0" type="cond" truecount="0" falsecount="4"/>
          <line num="223" count="0" type="stmt"/>
          <line num="229" count="0" type="cond" truecount="0" falsecount="2"/>
          <line num="230" count="0" type="stmt"/>
          <line num="239" count="0" type="cond" truecount="0" falsecount="2"/>
          <line num="240" count="0" type="stmt"/>
          <line num="242" count="0" type="cond" truecount="0" falsecount="4"/>
          <line num="243" count="0" type="stmt"/>
          <line num="250" count="0" type="cond" truecount="0" falsecount="2"/>
          <line num="251" count="0" type="cond" truecount="0" falsecount="2"/>
          <line num="252" count="0" type="stmt"/>
          <line num="254" count="0" type="stmt"/>
          <line num="258" count="0" type="stmt"/>
          <line num="263" count="11" type="stmt"/>
          <line num="264" count="11" type="stmt"/>
          <line num="269" count="11" type="stmt"/>
          <line num="270" count="11" type="cond" truecount="2" falsecount="0"/>
          <line num="275" count="2" type="stmt"/>
          <line num="277" count="9" type="stmt"/>
          <line num="278" count="17" type="stmt"/>
          <line num="281" count="9" type="cond" truecount="1" falsecount="1"/>
          <line num="282" count="9" type="stmt"/>
          <line num="286" count="11" type="stmt"/>
          <line num="288" count="11" type="cond" truecount="1" falsecount="1"/>
          <line num="289" count="11" type="stmt"/>
          <line num="292" count="0" type="stmt"/>
          <line num="293" count="0" type="cond" truecount="0" falsecount="4"/>
          <line num="294" count="0" type="stmt"/>
          <line num="298" count="0" type="stmt"/>
          <line num="302" count="11" type="stmt"/>
          <line num="309" count="11" type="stmt"/>
          <line num="313" count="16" type="stmt"/>
          <line num="314" count="0" type="stmt"/>
          <line num="315" count="0" type="stmt"/>
          <line num="316" count="0" type="cond" truecount="0" falsecount="2"/>
          <line num="317" count="0" type="stmt"/>
          <line num="322" count="0" type="stmt"/>
          <line num="324" count="0" type="stmt"/>
          <line num="327" count="16" type="stmt"/>
          <line num="331" count="5" type="stmt"/>
          <line num="332" count="5" type="stmt"/>
          <line num="333" count="5" type="stmt"/>
          <line num="335" count="5" type="stmt"/>
          <line num="336" count="5" type="stmt"/>
          <line num="340" count="5" type="stmt"/>
          <line num="343" count="1" type="stmt"/>
          <line num="347" count="0" type="stmt"/>
          <line num="353" count="1" type="stmt"/>
          <line num="354" count="0" type="stmt"/>
          <line num="360" count="1" type="stmt"/>
          <line num="362" count="0" type="stmt"/>
          <line num="364" count="0" type="stmt"/>
          <line num="365" count="0" type="stmt"/>
          <line num="369" count="1" type="stmt"/>
          <line num="370" count="0" type="stmt"/>
          <line num="376" count="1" type="stmt"/>
          <line num="377" count="0" type="stmt"/>
          <line num="384" count="1" type="stmt"/>
          <line num="385" count="0" type="stmt"/>
          <line num="387" count="0" type="stmt"/>
          <line num="388" count="0" type="stmt"/>
          <line num="391" count="0" type="stmt"/>
          <line num="397" count="1" type="stmt"/>
          <line num="398" count="0" type="cond" truecount="0" falsecount="2"/>
          <line num="399" count="0" type="stmt"/>
          <line num="404" count="0" type="stmt"/>
          <line num="408" count="1" type="stmt"/>
          <line num="409" count="0" type="stmt"/>
          <line num="417" count="1" type="stmt"/>
          <line num="418" count="0" type="stmt"/>
          <line num="424" count="1" type="stmt"/>
          <line num="425" count="0" type="stmt"/>
          <line num="432" count="1" type="stmt"/>
          <line num="433" count="0" type="stmt"/>
          <line num="440" count="1" type="stmt"/>
          <line num="444" count="0" type="stmt"/>
          <line num="450" count="1" type="stmt"/>
          <line num="451" count="0" type="stmt"/>
          <line num="457" count="1" type="stmt"/>
          <line num="458" count="0" type="stmt"/>
          <line num="464" count="1" type="stmt"/>
          <line num="468" count="0" type="stmt"/>
          <line num="475" count="1" type="stmt"/>
          <line num="476" count="0" type="stmt"/>
          <line num="479" count="0" type="stmt"/>
          <line num="483" count="1" type="stmt"/>
          <line num="484" count="0" type="stmt"/>
          <line num="492" count="0" type="stmt"/>
          <line num="493" count="0" type="stmt"/>
          <line num="494" count="0" type="stmt"/>
          <line num="497" count="1" type="stmt"/>
          <line num="498" count="0" type="stmt"/>
          <line num="499" count="0" type="stmt"/>
          <line num="506" count="1" type="stmt"/>
          <line num="507" count="0" type="stmt"/>
          <line num="508" count="0" type="stmt"/>
          <line num="515" count="1" type="stmt"/>
          <line num="516" count="0" type="stmt"/>
          <line num="517" count="0" type="stmt"/>
          <line num="518" count="0" type="stmt"/>
          <line num="525" count="1" type="stmt"/>
          <line num="526" count="0" type="stmt"/>
          <line num="533" count="1" type="stmt"/>
          <line num="534" count="0" type="stmt"/>
          <line num="537" count="1" type="stmt"/>
          <line num="538" count="0" type="stmt"/>
          <line num="541" count="1" type="stmt"/>
          <line num="542" count="0" type="stmt"/>
          <line num="545" count="1" type="stmt"/>
          <line num="546" count="0" type="stmt"/>
          <line num="549" count="1" type="stmt"/>
          <line num="550" count="0" type="stmt"/>
          <line num="553" count="1" type="stmt"/>
          <line num="554" count="0" type="stmt"/>
          <line num="556" count="0" type="stmt"/>
          <line num="560" count="1" type="stmt"/>
          <line num="561" count="0" type="stmt"/>
          <line num="569" count="1" type="stmt"/>
          <line num="570" count="0" type="stmt"/>
          <line num="578" count="0" type="cond" truecount="0" falsecount="2"/>
          <line num="584" count="0" type="stmt"/>
          <line num="587" count="0" type="stmt"/>
          <line num="591" count="0" type="stmt"/>
          <line num="592" count="0" type="stmt"/>
          <line num="600" count="0" type="stmt"/>
          <line num="601" count="0" type="stmt"/>
          <line num="602" count="0" type="stmt"/>
          <line num="604" count="0" type="cond" truecount="0" falsecount="2"/>
          <line num="605" count="0" type="stmt"/>
          <line num="608" count="0" type="cond" truecount="0" falsecount="2"/>
          <line num="609" count="0" type="stmt"/>
          <line num="612" count="0" type="stmt"/>
          <line num="622" count="1" type="stmt"/>
          <line num="623" count="0" type="stmt"/>
          <line num="626" count="1" type="stmt"/>
          <line num="627" count="0" type="stmt"/>
          <line num="630" count="1" type="stmt"/>
          <line num="631" count="0" type="stmt"/>
          <line num="634" count="1" type="stmt"/>
          <line num="635" count="11" type="stmt"/>
          <line num="638" count="1" type="stmt"/>
          <line num="639" count="0" type="stmt"/>
          <line num="642" count="1" type="stmt"/>
          <line num="643" count="16" type="stmt"/>
          <line num="646" count="1" type="stmt"/>
          <line num="647" count="16" type="stmt"/>
          <line num="648" count="16" type="stmt"/>
          <line num="649" count="16" type="stmt"/>
          <line num="650" count="16" type="stmt"/>
          <line num="651" count="16" type="stmt"/>
          <line num="652" count="16" type="stmt"/>
          <line num="655" count="1" type="stmt"/>
          <line num="656" count="0" type="stmt"/>
          <line num="657" count="0" type="stmt"/>
          <line num="660" count="1" type="stmt"/>
          <line num="661" count="0" type="stmt"/>
          <line num="663" count="0" type="stmt"/>
          <line num="667" count="1" type="stmt"/>
          <line num="671" count="0" type="stmt"/>
          <line num="673" count="0" type="stmt"/>
          <line num="677" count="1" type="stmt"/>
          <line num="678" count="0" type="stmt"/>
          <line num="686" count="0" type="stmt"/>
          <line num="687" count="0" type="cond" truecount="0" falsecount="2"/>
          <line num="689" count="0" type="cond" truecount="0" falsecount="2"/>
          <line num="694" count="0" type="stmt"/>
          <line num="696" count="0" type="stmt"/>
          <line num="700" count="0" type="stmt"/>
          <line num="703" count="1" type="stmt"/>
          <line num="704" count="16" type="stmt"/>
          <line num="706" count="16" type="stmt"/>
          <line num="707" count="16" type="stmt"/>
          <line num="708" count="16" type="cond" truecount="1" falsecount="1"/>
          <line num="709" count="0" type="stmt"/>
          <line num="711" count="16" type="cond" truecount="1" falsecount="1"/>
          <line num="712" count="0" type="stmt"/>
          <line num="714" count="16" type="stmt"/>
          <line num="717" count="1" type="stmt"/>
          <line num="718" count="0" type="stmt"/>
          <line num="719" count="0" type="stmt"/>
          <line num="721" count="0" type="cond" truecount="0" falsecount="2"/>
          <line num="722" count="0" type="stmt"/>
          <line num="725" count="0" type="stmt"/>
          <line num="736" count="16" type="stmt"/>
          <line num="737" count="16" type="stmt"/>
          <line num="738" count="16" type="stmt"/>
          <line num="739" count="16" type="cond" truecount="1" falsecount="1"/>
          <line num="740" count="0" type="stmt"/>
          <line num="741" count="0" type="cond" truecount="0" falsecount="4"/>
          <line num="742" count="0" type="stmt"/>
          <line num="743" count="0" type="cond" truecount="0" falsecount="2"/>
          <line num="744" count="0" type="stmt"/>
          <line num="745" count="0" type="cond" truecount="0" falsecount="2"/>
          <line num="746" count="0" type="stmt"/>
          <line num="747" count="0" type="stmt"/>
          <line num="748" count="0" type="cond" truecount="0" falsecount="2"/>
          <line num="749" count="0" type="stmt"/>
          <line num="751" count="0" type="stmt"/>
          <line num="753" count="0" type="cond" truecount="0" falsecount="2"/>
          <line num="755" count="0" type="stmt"/>
          <line num="758" count="0" type="stmt"/>
          <line num="760" count="16" type="cond" truecount="1" falsecount="1"/>
          <line num="761" count="16" type="stmt"/>
          <line num="764" count="16" type="stmt"/>
          <line num="767" count="1" type="stmt"/>
          <line num="768" count="0" type="stmt"/>
          <line num="771" count="1" type="stmt"/>
          <line num="772" count="0" type="stmt"/>
          <line num="773" count="0" type="stmt"/>
          <line num="774" count="0" type="stmt"/>
          <line num="775" count="0" type="stmt"/>
          <line num="778" count="1" type="stmt"/>
          <line num="779" count="0" type="stmt"/>
          <line num="786" count="1" type="stmt"/>
          <line num="787" count="37" type="stmt"/>
          <line num="788" count="37" type="stmt"/>
          <line num="790" count="37" type="cond" truecount="2" falsecount="0"/>
          <line num="791" count="5" type="stmt"/>
          <line num="792" count="5" type="cond" truecount="1" falsecount="1"/>
          <line num="793" count="0" type="stmt"/>
          <line num="795" count="0" type="cond" truecount="0" falsecount="2"/>
          <line num="796" count="0" type="stmt"/>
          <line num="797" count="0" type="stmt"/>
          <line num="799" count="0" type="cond" truecount="0" falsecount="2"/>
          <line num="800" count="0" type="stmt"/>
          <line num="801" count="0" type="stmt"/>
          <line num="803" count="0" type="cond" truecount="0" falsecount="2"/>
          <line num="804" count="0" type="stmt"/>
          <line num="805" count="0" type="cond" truecount="0" falsecount="2"/>
          <line num="809" count="0" type="stmt"/>
          <line num="810" count="0" type="cond" truecount="0" falsecount="2"/>
          <line num="811" count="0" type="stmt"/>
          <line num="812" count="0" type="cond" truecount="0" falsecount="2"/>
          <line num="813" count="0" type="stmt"/>
          <line num="816" count="0" type="cond" truecount="0" falsecount="4"/>
          <line num="817" count="0" type="stmt"/>
          <line num="821" count="0" type="stmt"/>
          <line num="822" count="0" type="stmt"/>
          <line num="827" count="0" type="stmt"/>
          <line num="829" count="0" type="cond" truecount="0" falsecount="2"/>
          <line num="830" count="0" type="stmt"/>
          <line num="836" count="0" type="stmt"/>
          <line num="842" count="5" type="cond" truecount="3" falsecount="1"/>
          <line num="843" count="5" type="stmt"/>
          <line num="844" count="5" type="cond" truecount="1" falsecount="1"/>
          <line num="845" count="0" type="stmt"/>
          <line num="851" count="5" type="stmt"/>
          <line num="857" count="0" type="stmt"/>
          <line num="859" count="32" type="cond" truecount="1" falsecount="1"/>
          <line num="860" count="32" type="cond" truecount="2" falsecount="0"/>
          <line num="863" count="16" type="cond" truecount="1" falsecount="1"/>
          <line num="864" count="16" type="stmt"/>
          <line num="865" count="16" type="cond" truecount="1" falsecount="1"/>
          <line num="866" count="16" type="stmt"/>
          <line num="867" count="0" type="cond" truecount="0" falsecount="2"/>
          <line num="868" count="0" type="stmt"/>
          <line num="869" count="0" type="cond" truecount="0" falsecount="2"/>
          <line num="875" count="0" type="stmt"/>
          <line num="878" count="0" type="stmt"/>
          <line num="879" count="0" type="cond" truecount="0" falsecount="2"/>
          <line num="880" count="0" type="stmt"/>
          <line num="885" count="0" type="stmt"/>
          <line num="887" count="0" type="stmt"/>
          <line num="890" count="16" type="cond" truecount="1" falsecount="1"/>
          <line num="891" count="16" type="cond" truecount="1" falsecount="1"/>
          <line num="892" count="0" type="stmt"/>
          <line num="896" count="16" type="cond" truecount="1" falsecount="1"/>
          <line num="900" count="0" type="stmt"/>
          <line num="903" count="16" type="cond" truecount="1" falsecount="1"/>
          <line num="904" count="16" type="stmt"/>
          <line num="905" count="16" type="stmt"/>
          <line num="911" count="0" type="stmt"/>
          <line num="913" count="16" type="cond" truecount="2" falsecount="2"/>
          <line num="914" count="16" type="stmt"/>
          <line num="917" count="0" type="stmt"/>
          <line num="920" count="1" type="stmt"/>
          <line num="921" count="16" type="stmt"/>
          <line num="924" count="1" type="stmt"/>
          <line num="928" count="0" type="stmt"/>
          <line num="929" count="0" type="stmt"/>
          <line num="932" count="1" type="stmt"/>
          <line num="933" count="0" type="stmt"/>
          <line num="936" count="1" type="stmt"/>
          <line num="937" count="0" type="stmt"/>
          <line num="940" count="1" type="stmt"/>
          <line num="941" count="16" type="stmt"/>
          <line num="944" count="1" type="stmt"/>
          <line num="945" count="0" type="stmt"/>
          <line num="948" count="1" type="stmt"/>
          <line num="949" count="0" type="stmt"/>
          <line num="952" count="1" type="stmt"/>
          <line num="953" count="0" type="stmt"/>
          <line num="957" count="1" type="stmt"/>
          <line num="958" count="0" type="stmt"/>
          <line num="961" count="1" type="stmt"/>
          <line num="962" count="0" type="stmt"/>
          <line num="965" count="1" type="stmt"/>
          <line num="966" count="0" type="stmt"/>
          <line num="969" count="1" type="stmt"/>
          <line num="970" count="0" type="stmt"/>
          <line num="973" count="1" type="stmt"/>
          <line num="974" count="0" type="stmt"/>
          <line num="977" count="1" type="stmt"/>
          <line num="978" count="0" type="stmt"/>
          <line num="979" count="0" type="stmt"/>
          <line num="981" count="0" type="stmt"/>
          <line num="988" count="1" type="stmt"/>
          <line num="989" count="0" type="stmt"/>
          <line num="992" count="1" type="stmt"/>
          <line num="993" count="0" type="stmt"/>
          <line num="999" count="1" type="stmt"/>
          <line num="1000" count="0" type="stmt"/>
          <line num="1001" count="0" type="stmt"/>
          <line num="1003" count="0" type="cond" truecount="0" falsecount="2"/>
          <line num="1004" count="0" type="cond" truecount="0" falsecount="2"/>
          <line num="1005" count="0" type="stmt"/>
          <line num="1006" count="0" type="stmt"/>
          <line num="1008" count="0" type="cond" truecount="0" falsecount="2"/>
          <line num="1009" count="0" type="stmt"/>
          <line num="1012" count="0" type="stmt"/>
          <line num="1020" count="0" type="stmt"/>
          <line num="1024" count="1" type="stmt"/>
          <line num="1025" count="0" type="stmt"/>
          <line num="1028" count="1" type="stmt"/>
          <line num="1029" count="0" type="stmt"/>
          <line num="1032" count="1" type="stmt"/>
          <line num="1033" count="0" type="stmt"/>
          <line num="1036" count="1" type="stmt"/>
          <line num="1037" count="0" type="stmt"/>
          <line num="1040" count="1" type="stmt"/>
          <line num="1041" count="0" type="stmt"/>
          <line num="1044" count="1" type="stmt"/>
          <line num="1045" count="0" type="stmt"/>
          <line num="1047" count="0" type="stmt"/>
          <line num="1051" count="1" type="stmt"/>
          <line num="1052" count="0" type="stmt"/>
          <line num="1060" count="1" type="stmt"/>
          <line num="1061" count="0" type="stmt"/>
          <line num="1064" count="1" type="stmt"/>
          <line num="1065" count="0" type="stmt"/>
          <line num="1071" count="1" type="stmt"/>
          <line num="1072" count="0" type="stmt"/>
          <line num="1074" count="0" type="cond" truecount="0" falsecount="2"/>
          <line num="1075" count="0" type="stmt"/>
          <line num="1082" count="0" type="stmt"/>
          <line num="1088" count="1" type="stmt"/>
          <line num="1089" count="0" type="stmt"/>
          <line num="1090" count="0" type="stmt"/>
          <line num="1093" count="1" type="stmt"/>
          <line num="1094" count="0" type="stmt"/>
          <line num="1097" count="1" type="stmt"/>
          <line num="1098" count="0" type="stmt"/>
          <line num="1099" count="0" type="stmt"/>
          <line num="1102" count="1" type="stmt"/>
          <line num="1103" count="0" type="stmt"/>
          <line num="1105" count="0" type="stmt"/>
          <line num="1106" count="0" type="stmt"/>
          <line num="1108" count="0" type="stmt"/>
          <line num="1118" count="1" type="stmt"/>
          <line num="1119" count="0" type="stmt"/>
          <line num="1127" count="1" type="stmt"/>
          <line num="1128" count="0" type="stmt"/>
          <line num="1138" count="1" type="stmt"/>
          <line num="1139" count="0" type="stmt"/>
          <line num="1140" count="0" type="cond" truecount="0" falsecount="2"/>
          <line num="1141" count="0" type="stmt"/>
          <line num="1148" count="1" type="stmt"/>
          <line num="1149" count="0" type="stmt"/>
          <line num="1152" count="1" type="stmt"/>
          <line num="1153" count="0" type="stmt"/>
          <line num="1155" count="0" type="stmt"/>
          <line num="1159" count="1" type="stmt"/>
          <line num="1160" count="0" type="stmt"/>
          <line num="1163" count="1" type="stmt"/>
          <line num="1164" count="0" type="stmt"/>
          <line num="1165" count="0" type="stmt"/>
          <line num="1167" count="0" type="stmt"/>
          <line num="1173" count="1" type="stmt"/>
          <line num="1174" count="0" type="stmt"/>
          <line num="1175" count="0" type="stmt"/>
          <line num="1176" count="0" type="stmt"/>
          <line num="1177" count="0" type="stmt"/>
          <line num="1182" count="0" type="stmt"/>
          <line num="1185" count="1" type="stmt"/>
          <line num="1186" count="0" type="stmt"/>
          <line num="1189" count="1" type="stmt"/>
          <line num="1190" count="0" type="stmt"/>
          <line num="1193" count="1" type="stmt"/>
          <line num="1194" count="0" type="stmt"/>
          <line num="1200" count="1" type="stmt"/>
          <line num="1204" count="0" type="stmt"/>
          <line num="1206" count="0" type="stmt"/>
          <line num="1210" count="1" type="stmt"/>
          <line num="1211" count="0" type="stmt"/>
          <line num="1214" count="1" type="stmt"/>
          <line num="1215" count="0" type="stmt"/>
          <line num="1218" count="1" type="stmt"/>
          <line num="1219" count="0" type="stmt"/>
          <line num="1225" count="1" type="stmt"/>
          <line num="1226" count="0" type="stmt"/>
          <line num="1232" count="1" type="stmt"/>
          <line num="1233" count="0" type="stmt"/>
          <line num="1234" count="0" type="stmt"/>
          <line num="1237" count="1" type="stmt"/>
          <line num="1238" count="0" type="stmt"/>
          <line num="1239" count="0" type="stmt"/>
          <line num="1251" count="1" type="stmt"/>
          <line num="1252" count="0" type="stmt"/>
          <line num="1255" count="1" type="stmt"/>
          <line num="1256" count="0" type="stmt"/>
          <line num="1259" count="1" type="stmt"/>
          <line num="1260" count="0" type="stmt"/>
          <line num="1263" count="1" type="stmt"/>
          <line num="1264" count="0" type="stmt"/>
          <line num="1268" count="0" type="stmt"/>
          <line num="1269" count="0" type="cond" truecount="0" falsecount="4"/>
          <line num="1270" count="0" type="stmt"/>
          <line num="1273" count="0" type="stmt"/>
          <line num="1274" count="0" type="stmt"/>
          <line num="1275" count="0" type="stmt"/>
          <line num="1280" count="0" type="cond" truecount="0" falsecount="3"/>
          <line num="1281" count="0" type="stmt"/>
          <line num="1283" count="0" type="stmt"/>
          <line num="1284" count="0" type="cond" truecount="0" falsecount="4"/>
          <line num="1285" count="0" type="stmt"/>
          <line num="1286" count="0" type="cond" truecount="0" falsecount="2"/>
          <line num="1287" count="0" type="stmt"/>
          <line num="1289" count="0" type="stmt"/>
          <line num="1292" count="0" type="cond" truecount="0" falsecount="2"/>
          <line num="1293" count="0" type="stmt"/>
          <line num="1300" count="0" type="cond" truecount="0" falsecount="2"/>
          <line num="1301" count="0" type="stmt"/>
          <line num="1306" count="0" type="stmt"/>
          <line num="1307" count="0" type="stmt"/>
          <line num="1312" count="0" type="stmt"/>
          <line num="1320" count="0" type="cond" truecount="0" falsecount="2"/>
          <line num="1321" count="0" type="stmt"/>
          <line num="1330" count="0" type="cond" truecount="0" falsecount="2"/>
          <line num="1331" count="0" type="stmt"/>
          <line num="1339" count="0" type="stmt"/>
          <line num="1342" count="0" type="cond" truecount="0" falsecount="2"/>
          <line num="1343" count="0" type="stmt"/>
          <line num="1345" count="0" type="stmt"/>
          <line num="1348" count="0" type="stmt"/>
          <line num="1350" count="0" type="cond" truecount="0" falsecount="2"/>
          <line num="1351" count="0" type="stmt"/>
          <line num="1353" count="0" type="cond" truecount="0" falsecount="2"/>
          <line num="1354" count="0" type="stmt"/>
          <line num="1363" count="0" type="stmt"/>
          <line num="1368" count="0" type="stmt"/>
          <line num="1370" count="0" type="stmt"/>
          <line num="1371" count="0" type="stmt"/>
          <line num="1374" count="0" type="stmt"/>
          <line num="1375" count="0" type="cond" truecount="0" falsecount="2"/>
          <line num="1376" count="0" type="stmt"/>
          <line num="1379" count="0" type="stmt"/>
          <line num="1382" count="0" type="cond" truecount="0" falsecount="2"/>
          <line num="1383" count="0" type="stmt"/>
          <line num="1386" count="0" type="stmt"/>
          <line num="1387" count="0" type="cond" truecount="0" falsecount="2"/>
          <line num="1388" count="0" type="stmt"/>
          <line num="1391" count="0" type="stmt"/>
          <line num="1396" count="0" type="stmt"/>
          <line num="1399" count="0" type="stmt"/>
          <line num="1404" count="0" type="stmt"/>
          <line num="1407" count="1" type="stmt"/>
          <line num="1408" count="0" type="stmt"/>
          <line num="1411" count="1" type="stmt"/>
          <line num="1412" count="0" type="cond" truecount="0" falsecount="2"/>
          <line num="1413" count="0" type="stmt"/>
          <line num="1414" count="0" type="stmt"/>
          <line num="1416" count="0" type="cond" truecount="0" falsecount="2"/>
          <line num="1417" count="0" type="stmt"/>
          <line num="1425" count="0" type="stmt"/>
          <line num="1426" count="0" type="stmt"/>
          <line num="1427" count="0" type="stmt"/>
          <line num="1429" count="0" type="cond" truecount="0" falsecount="2"/>
          <line num="1430" count="0" type="stmt"/>
          <line num="1438" count="0" type="stmt"/>
          <line num="1441" count="1" type="stmt"/>
          <line num="1442" count="0" type="stmt"/>
          <line num="1443" count="0" type="stmt"/>
          <line num="1445" count="0" type="stmt"/>
          <line num="1452" count="1" type="stmt"/>
          <line num="1453" count="0" type="stmt"/>
          <line num="1456" count="0" type="cond" truecount="0" falsecount="2"/>
          <line num="1457" count="0" type="stmt"/>
          <line num="1459" count="0" type="cond" truecount="0" falsecount="2"/>
          <line num="1460" count="0" type="stmt"/>
          <line num="1462" count="0" type="stmt"/>
          <line num="1467" count="0" type="stmt"/>
          <line num="1471" count="0" type="stmt"/>
          <line num="1474" count="0" type="stmt"/>
          <line num="1479" count="0" type="stmt"/>
          <line num="1484" count="0" type="stmt"/>
          <line num="1487" count="0" type="stmt"/>
          <line num="1489" count="0" type="cond" truecount="0" falsecount="2"/>
          <line num="1490" count="0" type="stmt"/>
          <line num="1492" count="0" type="stmt"/>
          <line num="1494" count="0" type="stmt"/>
          <line num="1498" count="0" type="stmt"/>
          <line num="1500" count="0" type="stmt"/>
          <line num="1505" count="0" type="stmt"/>
          <line num="1507" count="0" type="stmt"/>
          <line num="1512" count="1" type="stmt"/>
          <line num="1513" count="0" type="stmt"/>
          <line num="1517" count="0" type="stmt"/>
          <line num="1519" count="0" type="stmt"/>
          <line num="1520" count="0" type="stmt"/>
          <line num="1522" count="0" type="stmt"/>
          <line num="1530" count="32" type="stmt"/>
          <line num="1538" count="384" type="cond" truecount="4" falsecount="0"/>
          <line num="1539" count="32" type="cond" truecount="1" falsecount="1"/>
          <line num="1541" count="32" type="stmt"/>
          <line num="1542" count="32" type="stmt"/>
          <line num="1546" count="128" type="stmt"/>
          <line num="1547" count="128" type="stmt"/>
          <line num="1548" count="128" type="stmt"/>
          <line num="1552" count="128" type="cond" truecount="1" falsecount="1"/>
          <line num="1553" count="0" type="stmt"/>
          <line num="1556" count="128" type="stmt"/>
          <line num="1557" count="128" type="cond" truecount="1" falsecount="1"/>
          <line num="1558" count="128" type="stmt"/>
          <line num="1559" count="128" type="stmt"/>
          <line num="1560" count="128" type="stmt"/>
          <line num="1568" count="16" type="stmt"/>
          <line num="1569" count="16" type="cond" truecount="1" falsecount="1"/>
          <line num="1571" count="16" type="cond" truecount="1" falsecount="1"/>
          <line num="1574" count="16" type="stmt"/>
          <line num="1577" count="16" type="cond" truecount="1" falsecount="1"/>
          <line num="1578" count="16" type="stmt"/>
          <line num="1579" count="0" type="cond" truecount="0" falsecount="2"/>
          <line num="1580" count="0" type="stmt"/>
          <line num="1582" count="0" type="stmt"/>
          <line num="1583" count="0" type="stmt"/>
          <line num="1585" count="0" type="stmt"/>
          <line num="1588" count="16" type="stmt"/>
          <line num="1593" count="16" type="stmt"/>
          <line num="1602" count="0" type="stmt"/>
          <line num="1608" count="0" type="stmt"/>
          <line num="1609" count="0" type="stmt"/>
          <line num="1612" count="1" type="stmt"/>
          <line num="1615" count="16" type="stmt"/>
          <line num="1618" count="37" type="cond" truecount="4" falsecount="0"/>
          <line num="1624" count="16" type="stmt"/>
          <line num="1626" count="16" type="stmt"/>
          <line num="1627" count="16" type="cond" truecount="2" falsecount="0"/>
          <line num="1628" count="5" type="stmt"/>
          <line num="1629" count="5" type="cond" truecount="2" falsecount="0"/>
          <line num="1630" count="2" type="stmt"/>
          <line num="1631" count="2" type="cond" truecount="2" falsecount="0"/>
          <line num="1632" count="1" type="stmt"/>
          <line num="1634" count="2" type="stmt"/>
          <line num="1639" count="3" type="stmt"/>
          <line num="1640" count="3" type="cond" truecount="1" falsecount="1"/>
          <line num="1645" count="3" type="stmt"/>
          <line num="1647" count="3" type="stmt"/>
          <line num="1650" count="11" type="stmt"/>
          <line num="1651" count="11" type="stmt"/>
          <line num="1652" count="11" type="cond" truecount="2" falsecount="0"/>
          <line num="1653" count="9" type="cond" truecount="2" falsecount="0"/>
          <line num="1657" count="2" type="stmt"/>
          <line num="1658" count="2" type="stmt"/>
          <line num="1663" count="9" type="cond" truecount="2" falsecount="0"/>
          <line num="1664" count="7" type="stmt"/>
          <line num="1665" count="7" type="stmt"/>
          <line num="1672" count="2" type="stmt"/>
          <line num="1673" count="2" type="stmt"/>
          <line num="1674" count="2" type="stmt"/>
          <line num="1675" count="2" type="cond" truecount="2" falsecount="0"/>
          <line num="1676" count="1" type="stmt"/>
          <line num="1678" count="2" type="stmt"/>
          <line num="1686" count="16" type="stmt"/>
          <line num="1689" count="1" type="stmt"/>
          <line num="1695" count="16" type="stmt"/>
          <line num="1696" count="16" type="stmt"/>
          <line num="1697" count="16" type="stmt"/>
          <line num="1698" count="16" type="stmt"/>
          <line num="1699" count="16" type="cond" truecount="2" falsecount="0"/>
          <line num="1704" count="5" type="stmt"/>
          <line num="1705" count="5" type="stmt"/>
          <line num="1706" count="5" type="stmt"/>
          <line num="1708" count="11" type="cond" truecount="2" falsecount="0"/>
          <line num="1709" count="5" type="stmt"/>
          <line num="1710" count="5" type="stmt"/>
          <line num="1711" count="5" type="stmt"/>
          <line num="1713" count="6" type="stmt"/>
          <line num="1714" count="6" type="cond" truecount="3" falsecount="1"/>
          <line num="1715" count="6" type="stmt"/>
          <line num="1716" count="6" type="cond" truecount="1" falsecount="1"/>
          <line num="1717" count="6" type="cond" truecount="2" falsecount="0"/>
          <line num="1721" count="4" type="stmt"/>
          <line num="1722" count="4" type="stmt"/>
          <line num="1723" count="4" type="stmt"/>
          <line num="1725" count="2" type="cond" truecount="3" falsecount="1"/>
          <line num="1726" count="2" type="stmt"/>
          <line num="1727" count="2" type="cond" truecount="1" falsecount="1"/>
          <line num="1731" count="2" type="stmt"/>
          <line num="1735" count="2" type="stmt"/>
          <line num="1736" count="2" type="stmt"/>
          <line num="1742" count="16" type="stmt"/>
        </file>
      </package>
    </metrics>
  </project>
</coverage>
