TN:
SF:/Users/mitchellhamilton/projects/babel-plugin-extract-react-types/index.js
FN:5,(anonymous_0)
FN:16,(anonymous_1)
FNF:2
FNH:2
FNDA:1,(anonymous_0)
FNDA:16,(anonymous_1)
DA:1,1
DA:3,1
DA:5,1
DA:6,1
DA:8,1
DA:11,16
DA:16,16
DA:21,16
DA:22,16
LF:9
LH:9
BRDA:21,0,0,16
BRDA:21,0,1,0
BRF:2
BRH:1
end_of_record
TN:
SF:/Users/mitchellhamilton/projects/babel-plugin-extract-react-types/__snapshots__/index.test.js.snap
FNF:0
FNH:0
DA:3,0
DA:42,0
DA:81,0
DA:122,0
DA:163,0
DA:205,0
DA:249,0
DA:293,0
DA:335,0
DA:377,0
DA:417,0
DA:456,0
DA:495,0
DA:534,0
DA:573,0
DA:612,0
LF:16
LH:0
BRF:0
BRH:0
end_of_record
TN:
SF:/Users/mitchellhamilton/projects/babel-plugin-extract-react-types/coverage/lcov-report/prettify.js
FN:1,(anonymous_0)
FN:1,k
FN:1,ab
FN:1,T
FN:1,X
FN:1,(anonymous_5)
FN:1,W
FN:1,(anonymous_7)
FN:1,a
FN:1,aa
FN:1,B
FN:1,o
FN:1,g
FN:1,(anonymous_13)
FN:1,(anonymous_14)
FN:1,i
FN:1,Q
FN:1,ae
FN:1,ad
FN:1,ai
FN:1,D
FN:1,c
FN:1,q
FN:1,d
FN:1,y
FN:1,b
FN:1,Y
FN:1,(anonymous_27)
FN:1,U
FNF:29
FNH:0
FNDA:0,(anonymous_0)
FNDA:0,k
FNDA:0,ab
FNDA:0,T
FNDA:0,X
FNDA:0,(anonymous_5)
FNDA:0,W
FNDA:0,(anonymous_7)
FNDA:0,a
FNDA:0,aa
FNDA:0,B
FNDA:0,o
FNDA:0,g
FNDA:0,(anonymous_13)
FNDA:0,(anonymous_14)
FNDA:0,i
FNDA:0,Q
FNDA:0,ae
FNDA:0,ad
FNDA:0,ai
FNDA:0,D
FNDA:0,c
FNDA:0,q
FNDA:0,d
FNDA:0,y
FNDA:0,b
FNDA:0,Y
FNDA:0,(anonymous_27)
FNDA:0,U
DA:1,0
LF:1
LH:0
BRDA:1,0,0,0
BRDA:1,0,1,0
BRDA:1,1,0,0
BRDA:1,1,1,0
BRDA:1,2,0,0
BRDA:1,2,1,0
BRDA:1,3,0,0
BRDA:1,3,1,0
BRDA:1,4,0,0
BRDA:1,4,1,0
BRDA:1,5,0,0
BRDA:1,5,1,0
BRDA:1,6,0,0
BRDA:1,6,1,0
BRDA:1,7,0,0
BRDA:1,7,1,0
BRDA:1,8,0,0
BRDA:1,8,1,0
BRDA:1,9,0,0
BRDA:1,9,1,0
BRDA:1,10,0,0
BRDA:1,10,1,0
BRDA:1,11,0,0
BRDA:1,11,1,0
BRDA:1,11,2,0
BRDA:1,11,3,0
BRDA:1,12,0,0
BRDA:1,12,1,0
BRDA:1,13,0,0
BRDA:1,13,1,0
BRDA:1,14,0,0
BRDA:1,14,1,0
BRDA:1,15,0,0
BRDA:1,15,1,0
BRDA:1,16,0,0
BRDA:1,16,1,0
BRDA:1,17,0,0
BRDA:1,17,1,0
BRDA:1,18,0,0
BRDA:1,18,1,0
BRDA:1,19,0,0
BRDA:1,19,1,0
BRDA:1,20,0,0
BRDA:1,20,1,0
BRDA:1,21,0,0
BRDA:1,21,1,0
BRDA:1,22,0,0
BRDA:1,22,1,0
BRDA:1,23,0,0
BRDA:1,23,1,0
BRDA:1,24,0,0
BRDA:1,24,1,0
BRDA:1,25,0,0
BRDA:1,25,1,0
BRDA:1,26,0,0
BRDA:1,26,1,0
BRDA:1,27,0,0
BRDA:1,27,1,0
BRDA:1,28,0,0
BRDA:1,28,1,0
BRDA:1,29,0,0
BRDA:1,29,1,0
BRDA:1,30,0,0
BRDA:1,30,1,0
BRDA:1,31,0,0
BRDA:1,31,1,0
BRDA:1,32,0,0
BRDA:1,32,1,0
BRDA:1,33,0,0
BRDA:1,33,1,0
BRDA:1,34,0,0
BRDA:1,34,1,0
BRDA:1,35,0,0
BRDA:1,35,1,0
BRDA:1,36,0,0
BRDA:1,36,1,0
BRDA:1,37,0,0
BRDA:1,37,1,0
BRDA:1,38,0,0
BRDA:1,38,1,0
BRDA:1,39,0,0
BRDA:1,39,1,0
BRDA:1,40,0,0
BRDA:1,40,1,0
BRDA:1,41,0,0
BRDA:1,41,1,0
BRDA:1,42,0,0
BRDA:1,42,1,0
BRDA:1,43,0,0
BRDA:1,43,1,0
BRDA:1,44,0,0
BRDA:1,44,1,0
BRDA:1,45,0,0
BRDA:1,45,1,0
BRDA:1,46,0,0
BRDA:1,46,1,0
BRDA:1,47,0,0
BRDA:1,47,1,0
BRDA:1,48,0,0
BRDA:1,48,1,0
BRDA:1,49,0,0
BRDA:1,49,1,0
BRDA:1,49,2,0
BRDA:1,50,0,0
BRDA:1,50,1,0
BRDA:1,51,0,0
BRDA:1,51,1,0
BRDA:1,52,0,0
BRDA:1,52,1,0
BRDA:1,53,0,0
BRDA:1,53,1,0
BRDA:1,54,0,0
BRDA:1,54,1,0
BRDA:1,55,0,0
BRDA:1,55,1,0
BRDA:1,56,0,0
BRDA:1,56,1,0
BRDA:1,57,0,0
BRDA:1,57,1,0
BRDA:1,58,0,0
BRDA:1,58,1,0
BRDA:1,59,0,0
BRDA:1,59,1,0
BRDA:1,60,0,0
BRDA:1,60,1,0
BRDA:1,61,0,0
BRDA:1,61,1,0
BRDA:1,62,0,0
BRDA:1,62,1,0
BRDA:1,63,0,0
BRDA:1,63,1,0
BRDA:1,64,0,0
BRDA:1,64,1,0
BRDA:1,65,0,0
BRDA:1,65,1,0
BRDA:1,66,0,0
BRDA:1,66,1,0
BRDA:1,67,0,0
BRDA:1,67,1,0
BRDA:1,68,0,0
BRDA:1,68,1,0
BRDA:1,69,0,0
BRDA:1,69,1,0
BRDA:1,70,0,0
BRDA:1,70,1,0
BRDA:1,71,0,0
BRDA:1,71,1,0
BRDA:1,72,0,0
BRDA:1,72,1,0
BRDA:1,73,0,0
BRDA:1,73,1,0
BRDA:1,74,0,0
BRDA:1,74,1,0
BRDA:1,75,0,0
BRDA:1,75,1,0
BRDA:1,76,0,0
BRDA:1,76,1,0
BRDA:1,77,0,0
BRDA:1,77,1,0
BRDA:1,78,0,0
BRDA:1,78,1,0
BRDA:1,79,0,0
BRDA:1,79,1,0
BRDA:1,80,0,0
BRDA:1,80,1,0
BRDA:1,81,0,0
BRDA:1,81,1,0
BRDA:1,82,0,0
BRDA:1,82,1,0
BRDA:1,83,0,0
BRDA:1,83,1,0
BRDA:1,84,0,0
BRDA:1,84,1,0
BRDA:1,85,0,0
BRDA:1,85,1,0
BRDA:1,86,0,0
BRDA:1,86,1,0
BRDA:1,87,0,0
BRDA:1,87,1,0
BRDA:1,88,0,0
BRDA:1,88,1,0
BRDA:1,88,2,0
BRDA:1,89,0,0
BRDA:1,89,1,0
BRDA:1,90,0,0
BRDA:1,90,1,0
BRDA:1,91,0,0
BRDA:1,91,1,0
BRDA:1,92,0,0
BRDA:1,92,1,0
BRDA:1,93,0,0
BRDA:1,93,1,0
BRDA:1,94,0,0
BRDA:1,94,1,0
BRDA:1,95,0,0
BRDA:1,95,1,0
BRDA:1,96,0,0
BRDA:1,96,1,0
BRDA:1,97,0,0
BRDA:1,97,1,0
BRDA:1,98,0,0
BRDA:1,98,1,0
BRDA:1,99,0,0
BRDA:1,99,1,0
BRDA:1,100,0,0
BRDA:1,100,1,0
BRDA:1,101,0,0
BRDA:1,101,1,0
BRDA:1,102,0,0
BRDA:1,102,1,0
BRDA:1,103,0,0
BRDA:1,103,1,0
BRDA:1,104,0,0
BRDA:1,104,1,0
BRDA:1,105,0,0
BRDA:1,105,1,0
BRDA:1,106,0,0
BRDA:1,106,1,0
BRDA:1,107,0,0
BRDA:1,107,1,0
BRDA:1,108,0,0
BRDA:1,108,1,0
BRDA:1,109,0,0
BRDA:1,109,1,0
BRDA:1,110,0,0
BRDA:1,110,1,0
BRDA:1,111,0,0
BRDA:1,111,1,0
BRDA:1,112,0,0
BRDA:1,112,1,0
BRDA:1,113,0,0
BRDA:1,113,1,0
BRDA:1,114,0,0
BRDA:1,114,1,0
BRDA:1,115,0,0
BRDA:1,115,1,0
BRDA:1,116,0,0
BRDA:1,116,1,0
BRDA:1,117,0,0
BRDA:1,117,1,0
BRDA:1,118,0,0
BRDA:1,118,1,0
BRDA:1,119,0,0
BRDA:1,119,1,0
BRDA:1,120,0,0
BRDA:1,120,1,0
BRDA:1,121,0,0
BRDA:1,121,1,0
BRDA:1,122,0,0
BRDA:1,122,1,0
BRDA:1,123,0,0
BRDA:1,123,1,0
BRDA:1,124,0,0
BRDA:1,124,1,0
BRDA:1,125,0,0
BRDA:1,125,1,0
BRDA:1,126,0,0
BRDA:1,126,1,0
BRDA:1,127,0,0
BRDA:1,127,1,0
BRDA:1,127,2,0
BRDA:1,128,0,0
BRDA:1,128,1,0
BRDA:1,129,0,0
BRDA:1,129,1,0
BRDA:1,130,0,0
BRDA:1,130,1,0
BRDA:1,130,2,0
BRDA:1,130,3,0
BRDA:1,130,4,0
BRDA:1,131,0,0
BRDA:1,131,1,0
BRDA:1,132,0,0
BRDA:1,132,1,0
BRDA:1,133,0,0
BRDA:1,133,1,0
BRDA:1,134,0,0
BRDA:1,134,1,0
BRDA:1,135,0,0
BRDA:1,135,1,0
BRDA:1,136,0,0
BRDA:1,136,1,0
BRDA:1,137,0,0
BRDA:1,137,1,0
BRF:284
BRH:0
end_of_record
TN:
SF:/Users/mitchellhamilton/projects/babel-plugin-extract-react-types/coverage/lcov-report/sorter.js
FN:1,(anonymous_0)
FN:10,getTable
FN:12,getTableHeader
FN:14,getTableBody
FN:16,getNthColumn
FN:19,loadColumns
FN:43,loadRowData
FN:62,loadData
FN:71,sortByIndex
FN:73,(anonymous_9)
FN:85,(anonymous_10)
FN:102,removeSortIndicators
FN:110,addSortIndicators
FN:114,enableUI
FN:117,ithSorter
FN:120,(anonymous_15)
FN:147,(anonymous_16)
FNF:17
FNH:0
FNDA:0,(anonymous_0)
FNDA:0,getTable
FNDA:0,getTableHeader
FNDA:0,getTableBody
FNDA:0,getNthColumn
FNDA:0,loadColumns
FNDA:0,loadRowData
FNDA:0,loadData
FNDA:0,sortByIndex
FNDA:0,(anonymous_9)
FNDA:0,(anonymous_10)
FNDA:0,removeSortIndicators
FNDA:0,addSortIndicators
FNDA:0,enableUI
FNDA:0,ithSorter
FNDA:0,(anonymous_15)
FNDA:0,(anonymous_16)
DA:1,0
DA:4,0
DA:10,0
DA:12,0
DA:14,0
DA:16,0
DA:20,0
DA:22,0
DA:26,0
DA:27,0
DA:28,0
DA:33,0
DA:34,0
DA:35,0
DA:36,0
DA:39,0
DA:44,0
DA:47,0
DA:50,0
DA:51,0
DA:52,0
DA:53,0
DA:54,0
DA:55,0
DA:57,0
DA:59,0
DA:63,0
DA:66,0
DA:67,0
DA:72,0
DA:73,0
DA:74,0
DA:75,0
DA:76,0
DA:78,0
DA:79,0
DA:80,0
DA:81,0
DA:84,0
DA:85,0
DA:86,0
DA:90,0
DA:91,0
DA:92,0
DA:95,0
DA:97,0
DA:98,0
DA:103,0
DA:104,0
DA:106,0
DA:107,0
DA:111,0
DA:117,0
DA:118,0
DA:120,0
DA:121,0
DA:123,0
DA:124,0
DA:126,0
DA:127,0
DA:128,0
DA:129,0
DA:130,0
DA:133,0
DA:134,0
DA:137,0
DA:138,0
DA:139,0
DA:141,0
DA:147,0
DA:148,0
DA:149,0
DA:151,0
DA:152,0
DA:153,0
DA:154,0
DA:158,0
LF:77
LH:0
BRDA:31,0,0,0
BRDA:31,0,1,0
BRDA:34,1,0,0
BRDA:34,1,1,0
BRDA:54,2,0,0
BRDA:54,2,1,0
BRDA:76,3,0,0
BRDA:76,3,1,0
BRDA:76,4,0,0
BRDA:76,4,1,0
BRDA:84,5,0,0
BRDA:84,5,1,0
BRDA:111,6,0,0
BRDA:111,6,1,0
BRDA:123,7,0,0
BRDA:123,7,1,0
BRDA:134,8,0,0
BRDA:134,8,1,0
BRDA:138,9,0,0
BRDA:138,9,1,0
BRDA:148,10,0,0
BRDA:148,10,1,0
BRF:22
BRH:0
end_of_record
TN:
SF:/Users/mitchellhamilton/projects/babel-plugin-extract-react-types/extract-react-types/index.js
FN:25,(anonymous_0)
FN:32,(anonymous_1)
FN:47,(anonymous_2)
FN:58,(anonymous_3)
FN:78,(anonymous_4)
FN:83,(anonymous_5)
FN:86,(anonymous_6)
FN:96,(anonymous_7)
FN:116,(anonymous_8)
FN:122,(anonymous_9)
FN:150,(anonymous_10)
FN:159,(anonymous_11)
FN:162,(anonymous_12)
FN:261,convertReactComponentFunction
FN:277,(anonymous_14)
FN:312,addDefaultProps
FN:313,(anonymous_16)
FN:330,convertReactComponentClass
FN:343,(anonymous_18)
FN:353,(anonymous_19)
FN:360,(anonymous_20)
FN:364,(anonymous_21)
FN:365,(anonymous_22)
FN:369,(anonymous_23)
FN:376,(anonymous_24)
FN:384,(anonymous_25)
FN:397,(anonymous_26)
FN:408,(anonymous_27)
FN:417,(anonymous_28)
FN:424,(anonymous_29)
FN:432,(anonymous_30)
FN:440,(anonymous_31)
FN:450,(anonymous_32)
FN:457,(anonymous_33)
FN:464,(anonymous_34)
FN:475,(anonymous_35)
FN:479,(anonymous_36)
FN:483,(anonymous_37)
FN:491,convertCall
FN:493,(anonymous_39)
FN:497,(anonymous_40)
FN:506,(anonymous_41)
FN:515,(anonymous_42)
FN:525,(anonymous_43)
FN:533,(anonymous_44)
FN:537,(anonymous_45)
FN:541,(anonymous_46)
FN:545,(anonymous_47)
FN:549,(anonymous_48)
FN:553,(anonymous_49)
FN:556,(anonymous_50)
FN:560,(anonymous_51)
FN:569,(anonymous_52)
FN:577,isTsIdentifier
FN:590,convertParameter
FN:599,convertFunction
FN:600,(anonymous_56)
FN:622,(anonymous_57)
FN:626,(anonymous_58)
FN:630,(anonymous_59)
FN:634,(anonymous_60)
FN:638,(anonymous_61)
FN:642,(anonymous_62)
FN:646,(anonymous_63)
FN:655,(anonymous_64)
FN:656,(anonymous_65)
FN:660,(anonymous_66)
FN:663,(anonymous_67)
FN:667,(anonymous_68)
FN:673,(anonymous_69)
FN:677,(anonymous_70)
FN:685,convertUtilityTypes
FN:703,(anonymous_72)
FN:717,(anonymous_73)
FN:718,(anonymous_74)
FN:735,convertObject
FN:737,(anonymous_76)
FN:767,(anonymous_77)
FN:771,(anonymous_78)
FN:774,(anonymous_79)
FN:778,(anonymous_80)
FN:786,(anonymous_81)
FN:800,(anonymous_82)
FN:920,(anonymous_83)
FN:924,(anonymous_84)
FN:928,(anonymous_85)
FN:932,(anonymous_86)
FN:936,(anonymous_87)
FN:940,(anonymous_88)
FN:944,(anonymous_89)
FN:948,(anonymous_90)
FN:952,(anonymous_91)
FN:957,(anonymous_92)
FN:961,(anonymous_93)
FN:965,(anonymous_94)
FN:969,(anonymous_95)
FN:973,(anonymous_96)
FN:977,(anonymous_97)
FN:978,(anonymous_98)
FN:988,(anonymous_99)
FN:992,(anonymous_100)
FN:999,(anonymous_101)
FN:1006,(anonymous_102)
FN:1024,(anonymous_103)
FN:1028,(anonymous_104)
FN:1032,(anonymous_105)
FN:1036,(anonymous_106)
FN:1040,(anonymous_107)
FN:1044,(anonymous_108)
FN:1047,(anonymous_109)
FN:1051,(anonymous_110)
FN:1060,(anonymous_111)
FN:1064,(anonymous_112)
FN:1071,(anonymous_113)
FN:1088,(anonymous_114)
FN:1089,(anonymous_115)
FN:1093,(anonymous_116)
FN:1097,(anonymous_117)
FN:1098,(anonymous_118)
FN:1102,(anonymous_119)
FN:1105,(anonymous_120)
FN:1118,(anonymous_121)
FN:1127,(anonymous_122)
FN:1138,(anonymous_123)
FN:1148,(anonymous_124)
FN:1152,(anonymous_125)
FN:1155,(anonymous_126)
FN:1159,(anonymous_127)
FN:1163,(anonymous_128)
FN:1173,(anonymous_129)
FN:1175,(anonymous_130)
FN:1185,(anonymous_131)
FN:1189,(anonymous_132)
FN:1193,(anonymous_133)
FN:1200,(anonymous_134)
FN:1206,(anonymous_135)
FN:1210,(anonymous_136)
FN:1214,(anonymous_137)
FN:1218,(anonymous_138)
FN:1225,(anonymous_139)
FN:1232,(anonymous_140)
FN:1233,(anonymous_141)
FN:1237,(anonymous_142)
FN:1251,(anonymous_143)
FN:1255,(anonymous_144)
FN:1259,(anonymous_145)
FN:1263,(anonymous_146)
FN:1267,extendedTypesMembers
FN:1273,(anonymous_148)
FN:1279,importConverterGeneral
FN:1367,recursivelyResolveExportAll
FN:1370,(anonymous_151)
FN:1371,(anonymous_152)
FN:1374,(anonymous_153)
FN:1386,(anonymous_154)
FN:1395,resolveExportAllDeclaration
FN:1407,(anonymous_156)
FN:1411,(anonymous_157)
FN:1441,(anonymous_158)
FN:1452,(anonymous_159)
FN:1462,(anonymous_160)
FN:1494,(anonymous_161)
FN:1500,(anonymous_162)
FN:1507,(anonymous_163)
FN:1512,(anonymous_164)
FN:1516,convertMethodCall
FN:1519,(anonymous_166)
FN:1529,mapComment
FN:1537,attachCommentProperty
FN:1545,attachComments
FN:1551,convert
FN:1563,getContext
FN:1596,extractReactTypes
FN:1614,findExports
FN:1616,(anonymous_174)
FN:1626,(anonymous_175)
FN:1664,(anonymous_176)
FN:1672,(anonymous_177)
FN:1689,findExportedComponents
FN:1698,(anonymous_179)
FNF:180
FNH:28
FNDA:0,(anonymous_0)
FNDA:10,(anonymous_1)
FNDA:0,(anonymous_2)
FNDA:0,(anonymous_3)
FNDA:0,(anonymous_4)
FNDA:0,(anonymous_5)
FNDA:0,(anonymous_6)
FNDA:0,(anonymous_7)
FNDA:5,(anonymous_8)
FNDA:5,(anonymous_9)
FNDA:0,(anonymous_10)
FNDA:0,(anonymous_11)
FNDA:0,(anonymous_12)
FNDA:11,convertReactComponentFunction
FNDA:17,(anonymous_14)
FNDA:16,addDefaultProps
FNDA:0,(anonymous_16)
FNDA:5,convertReactComponentClass
FNDA:0,(anonymous_18)
FNDA:0,(anonymous_19)
FNDA:0,(anonymous_20)
FNDA:0,(anonymous_21)
FNDA:0,(anonymous_22)
FNDA:0,(anonymous_23)
FNDA:0,(anonymous_24)
FNDA:0,(anonymous_25)
FNDA:0,(anonymous_26)
FNDA:0,(anonymous_27)
FNDA:0,(anonymous_28)
FNDA:0,(anonymous_29)
FNDA:0,(anonymous_30)
FNDA:0,(anonymous_31)
FNDA:0,(anonymous_32)
FNDA:0,(anonymous_33)
FNDA:0,(anonymous_34)
FNDA:0,(anonymous_35)
FNDA:0,(anonymous_36)
FNDA:0,(anonymous_37)
FNDA:0,convertCall
FNDA:0,(anonymous_39)
FNDA:0,(anonymous_40)
FNDA:0,(anonymous_41)
FNDA:0,(anonymous_42)
FNDA:0,(anonymous_43)
FNDA:0,(anonymous_44)
FNDA:0,(anonymous_45)
FNDA:0,(anonymous_46)
FNDA:0,(anonymous_47)
FNDA:0,(anonymous_48)
FNDA:0,(anonymous_49)
FNDA:0,(anonymous_50)
FNDA:0,(anonymous_51)
FNDA:0,(anonymous_52)
FNDA:0,isTsIdentifier
FNDA:0,convertParameter
FNDA:0,convertFunction
FNDA:0,(anonymous_56)
FNDA:0,(anonymous_57)
FNDA:0,(anonymous_58)
FNDA:0,(anonymous_59)
FNDA:11,(anonymous_60)
FNDA:0,(anonymous_61)
FNDA:16,(anonymous_62)
FNDA:16,(anonymous_63)
FNDA:0,(anonymous_64)
FNDA:0,(anonymous_65)
FNDA:0,(anonymous_66)
FNDA:0,(anonymous_67)
FNDA:0,(anonymous_68)
FNDA:0,(anonymous_69)
FNDA:0,(anonymous_70)
FNDA:0,convertUtilityTypes
FNDA:16,(anonymous_72)
FNDA:0,(anonymous_73)
FNDA:0,(anonymous_74)
FNDA:16,convertObject
FNDA:16,(anonymous_76)
FNDA:0,(anonymous_77)
FNDA:0,(anonymous_78)
FNDA:0,(anonymous_79)
FNDA:0,(anonymous_80)
FNDA:37,(anonymous_81)
FNDA:0,(anonymous_82)
FNDA:16,(anonymous_83)
FNDA:0,(anonymous_84)
FNDA:0,(anonymous_85)
FNDA:0,(anonymous_86)
FNDA:0,(anonymous_87)
FNDA:16,(anonymous_88)
FNDA:0,(anonymous_89)
FNDA:0,(anonymous_90)
FNDA:0,(anonymous_91)
FNDA:0,(anonymous_92)
FNDA:0,(anonymous_93)
FNDA:0,(anonymous_94)
FNDA:0,(anonymous_95)
FNDA:0,(anonymous_96)
FNDA:0,(anonymous_97)
FNDA:0,(anonymous_98)
FNDA:0,(anonymous_99)
FNDA:0,(anonymous_100)
FNDA:0,(anonymous_101)
FNDA:0,(anonymous_102)
FNDA:0,(anonymous_103)
FNDA:0,(anonymous_104)
FNDA:0,(anonymous_105)
FNDA:0,(anonymous_106)
FNDA:0,(anonymous_107)
FNDA:0,(anonymous_108)
FNDA:0,(anonymous_109)
FNDA:0,(anonymous_110)
FNDA:0,(anonymous_111)
FNDA:0,(anonymous_112)
FNDA:0,(anonymous_113)
FNDA:0,(anonymous_114)
FNDA:0,(anonymous_115)
FNDA:0,(anonymous_116)
FNDA:0,(anonymous_117)
FNDA:0,(anonymous_118)
FNDA:0,(anonymous_119)
FNDA:0,(anonymous_120)
FNDA:0,(anonymous_121)
FNDA:0,(anonymous_122)
FNDA:0,(anonymous_123)
FNDA:0,(anonymous_124)
FNDA:0,(anonymous_125)
FNDA:0,(anonymous_126)
FNDA:0,(anonymous_127)
FNDA:0,(anonymous_128)
FNDA:0,(anonymous_129)
FNDA:0,(anonymous_130)
FNDA:0,(anonymous_131)
FNDA:0,(anonymous_132)
FNDA:0,(anonymous_133)
FNDA:0,(anonymous_134)
FNDA:0,(anonymous_135)
FNDA:0,(anonymous_136)
FNDA:0,(anonymous_137)
FNDA:0,(anonymous_138)
FNDA:0,(anonymous_139)
FNDA:0,(anonymous_140)
FNDA:0,(anonymous_141)
FNDA:0,(anonymous_142)
FNDA:0,(anonymous_143)
FNDA:0,(anonymous_144)
FNDA:0,(anonymous_145)
FNDA:0,(anonymous_146)
FNDA:0,extendedTypesMembers
FNDA:0,(anonymous_148)
FNDA:0,importConverterGeneral
FNDA:0,recursivelyResolveExportAll
FNDA:0,(anonymous_151)
FNDA:0,(anonymous_152)
FNDA:0,(anonymous_153)
FNDA:0,(anonymous_154)
FNDA:0,resolveExportAllDeclaration
FNDA:0,(anonymous_156)
FNDA:0,(anonymous_157)
FNDA:0,(anonymous_158)
FNDA:0,(anonymous_159)
FNDA:0,(anonymous_160)
FNDA:0,(anonymous_161)
FNDA:0,(anonymous_162)
FNDA:0,(anonymous_163)
FNDA:0,(anonymous_164)
FNDA:0,convertMethodCall
FNDA:0,(anonymous_166)
FNDA:32,mapComment
FNDA:384,attachCommentProperty
FNDA:128,attachComments
FNDA:128,convert
FNDA:16,getContext
FNDA:0,extractReactTypes
FNDA:16,findExports
FNDA:37,(anonymous_174)
FNDA:16,(anonymous_175)
FNDA:7,(anonymous_176)
FNDA:2,(anonymous_177)
FNDA:16,findExportedComponents
FNDA:16,(anonymous_179)
DA:7,1
DA:8,1
DA:12,1
DA:13,1
DA:14,1
DA:15,1
DA:16,1
DA:17,1
DA:18,1
DA:19,1
DA:20,1
DA:22,1
DA:23,1
DA:25,1
DA:29,0
DA:32,1
DA:33,10
DA:34,10
DA:35,10
DA:36,7
DA:38,3
DA:39,1
DA:42,2
DA:45,1
DA:47,1
DA:50,0
DA:51,0
DA:58,0
DA:59,0
DA:60,0
DA:61,0
DA:62,0
DA:63,0
DA:65,0
DA:66,0
DA:67,0
DA:71,0
DA:75,0
DA:78,1
DA:79,0
DA:80,0
DA:83,1
DA:85,0
DA:86,0
DA:87,0
DA:89,0
DA:90,0
DA:93,0
DA:96,1
DA:98,0
DA:101,0
DA:102,0
DA:104,0
DA:107,0
DA:109,0
DA:110,0
DA:112,0
DA:116,1
DA:117,5
DA:119,5
DA:123,5
DA:127,0
DA:130,5
DA:132,5
DA:133,5
DA:134,0
DA:139,0
DA:140,0
DA:141,0
DA:145,0
DA:150,1
DA:154,0
DA:156,0
DA:157,0
DA:159,0
DA:160,0
DA:162,0
DA:163,0
DA:164,0
DA:165,0
DA:169,0
DA:171,0
DA:172,0
DA:176,0
DA:177,0
DA:179,0
DA:184,0
DA:188,0
DA:192,0
DA:193,0
DA:196,0
DA:206,0
DA:211,0
DA:215,0
DA:220,0
DA:222,0
DA:223,0
DA:229,0
DA:230,0
DA:239,0
DA:240,0
DA:242,0
DA:243,0
DA:250,0
DA:251,0
DA:252,0
DA:254,0
DA:258,0
DA:263,11
DA:264,11
DA:269,11
DA:270,11
DA:275,2
DA:277,9
DA:278,17
DA:281,9
DA:282,9
DA:286,11
DA:288,11
DA:289,11
DA:292,0
DA:293,0
DA:294,0
DA:298,0
DA:302,11
DA:309,11
DA:313,16
DA:314,0
DA:315,0
DA:316,0
DA:317,0
DA:322,0
DA:324,0
DA:327,16
DA:331,5
DA:332,5
DA:333,5
DA:335,5
DA:336,5
DA:340,5
DA:343,1
DA:347,0
DA:353,1
DA:354,0
DA:360,1
DA:362,0
DA:364,0
DA:365,0
DA:369,1
DA:370,0
DA:376,1
DA:377,0
DA:384,1
DA:385,0
DA:387,0
DA:388,0
DA:391,0
DA:397,1
DA:398,0
DA:399,0
DA:404,0
DA:408,1
DA:409,0
DA:417,1
DA:418,0
DA:424,1
DA:425,0
DA:432,1
DA:433,0
DA:440,1
DA:444,0
DA:450,1
DA:451,0
DA:457,1
DA:458,0
DA:464,1
DA:468,0
DA:475,1
DA:476,0
DA:479,0
DA:483,1
DA:484,0
DA:492,0
DA:493,0
DA:494,0
DA:497,1
DA:498,0
DA:499,0
DA:506,1
DA:507,0
DA:508,0
DA:515,1
DA:516,0
DA:517,0
DA:518,0
DA:525,1
DA:526,0
DA:533,1
DA:534,0
DA:537,1
DA:538,0
DA:541,1
DA:542,0
DA:545,1
DA:546,0
DA:549,1
DA:550,0
DA:553,1
DA:554,0
DA:556,0
DA:560,1
DA:561,0
DA:569,1
DA:570,0
DA:578,0
DA:584,0
DA:587,0
DA:591,0
DA:592,0
DA:600,0
DA:601,0
DA:602,0
DA:604,0
DA:605,0
DA:608,0
DA:609,0
DA:612,0
DA:622,1
DA:623,0
DA:626,1
DA:627,0
DA:630,1
DA:631,0
DA:634,1
DA:635,11
DA:638,1
DA:639,0
DA:642,1
DA:643,16
DA:646,1
DA:647,16
DA:648,16
DA:649,16
DA:650,16
DA:651,16
DA:652,16
DA:655,1
DA:656,0
DA:657,0
DA:660,1
DA:661,0
DA:663,0
DA:667,1
DA:671,0
DA:673,0
DA:677,1
DA:678,0
DA:686,0
DA:687,0
DA:689,0
DA:694,0
DA:696,0
DA:700,0
DA:703,1
DA:704,16
DA:706,16
DA:707,16
DA:708,16
DA:709,0
DA:711,16
DA:712,0
DA:714,16
DA:717,1
DA:718,0
DA:719,0
DA:721,0
DA:722,0
DA:725,0
DA:736,16
DA:737,16
DA:738,16
DA:739,16
DA:740,0
DA:741,0
DA:742,0
DA:743,0
DA:744,0
DA:745,0
DA:746,0
DA:747,0
DA:748,0
DA:749,0
DA:751,0
DA:753,0
DA:755,0
DA:758,0
DA:760,16
DA:761,16
DA:764,16
DA:767,1
DA:768,0
DA:771,1
DA:772,0
DA:773,0
DA:774,0
DA:775,0
DA:778,1
DA:779,0
DA:786,1
DA:787,37
DA:788,37
DA:790,37
DA:791,5
DA:792,5
DA:793,0
DA:795,0
DA:796,0
DA:797,0
DA:799,0
DA:800,0
DA:801,0
DA:803,0
DA:804,0
DA:805,0
DA:809,0
DA:810,0
DA:811,0
DA:812,0
DA:813,0
DA:816,0
DA:817,0
DA:821,0
DA:822,0
DA:827,0
DA:829,0
DA:830,0
DA:836,0
DA:842,5
DA:843,5
DA:844,5
DA:845,0
DA:851,5
DA:857,0
DA:859,32
DA:860,32
DA:863,16
DA:864,16
DA:865,16
DA:866,16
DA:867,0
DA:868,0
DA:869,0
DA:875,0
DA:878,0
DA:879,0
DA:880,0
DA:885,0
DA:887,0
DA:890,16
DA:891,16
DA:892,0
DA:896,16
DA:900,0
DA:903,16
DA:904,16
DA:905,16
DA:911,0
DA:913,16
DA:914,16
DA:917,0
DA:920,1
DA:921,16
DA:924,1
DA:928,0
DA:929,0
DA:932,1
DA:933,0
DA:936,1
DA:937,0
DA:940,1
DA:941,16
DA:944,1
DA:945,0
DA:948,1
DA:949,0
DA:952,1
DA:953,0
DA:957,1
DA:958,0
DA:961,1
DA:962,0
DA:965,1
DA:966,0
DA:969,1
DA:970,0
DA:973,1
DA:974,0
DA:977,1
DA:978,0
DA:979,0
DA:981,0
DA:988,1
DA:989,0
DA:992,1
DA:993,0
DA:999,1
DA:1000,0
DA:1001,0
DA:1003,0
DA:1004,0
DA:1005,0
DA:1006,0
DA:1008,0
DA:1009,0
DA:1012,0
DA:1020,0
DA:1024,1
DA:1025,0
DA:1028,1
DA:1029,0
DA:1032,1
DA:1033,0
DA:1036,1
DA:1037,0
DA:1040,1
DA:1041,0
DA:1044,1
DA:1045,0
DA:1047,0
DA:1051,1
DA:1052,0
DA:1060,1
DA:1061,0
DA:1064,1
DA:1065,0
DA:1071,1
DA:1072,0
DA:1074,0
DA:1075,0
DA:1082,0
DA:1088,1
DA:1089,0
DA:1090,0
DA:1093,1
DA:1094,0
DA:1097,1
DA:1098,0
DA:1099,0
DA:1102,1
DA:1103,0
DA:1105,0
DA:1106,0
DA:1108,0
DA:1118,1
DA:1119,0
DA:1127,1
DA:1128,0
DA:1138,1
DA:1139,0
DA:1140,0
DA:1141,0
DA:1148,1
DA:1149,0
DA:1152,1
DA:1153,0
DA:1155,0
DA:1159,1
DA:1160,0
DA:1163,1
DA:1164,0
DA:1165,0
DA:1167,0
DA:1173,1
DA:1174,0
DA:1175,0
DA:1176,0
DA:1177,0
DA:1182,0
DA:1185,1
DA:1186,0
DA:1189,1
DA:1190,0
DA:1193,1
DA:1194,0
DA:1200,1
DA:1204,0
DA:1206,0
DA:1210,1
DA:1211,0
DA:1214,1
DA:1215,0
DA:1218,1
DA:1219,0
DA:1225,1
DA:1226,0
DA:1232,1
DA:1233,0
DA:1234,0
DA:1237,1
DA:1238,0
DA:1239,0
DA:1251,1
DA:1252,0
DA:1255,1
DA:1256,0
DA:1259,1
DA:1260,0
DA:1263,1
DA:1264,0
DA:1268,0
DA:1269,0
DA:1270,0
DA:1273,0
DA:1274,0
DA:1275,0
DA:1280,0
DA:1281,0
DA:1283,0
DA:1284,0
DA:1285,0
DA:1286,0
DA:1287,0
DA:1289,0
DA:1292,0
DA:1293,0
DA:1300,0
DA:1301,0
DA:1306,0
DA:1307,0
DA:1312,0
DA:1320,0
DA:1321,0
DA:1330,0
DA:1331,0
DA:1339,0
DA:1342,0
DA:1343,0
DA:1345,0
DA:1348,0
DA:1350,0
DA:1351,0
DA:1353,0
DA:1354,0
DA:1363,0
DA:1368,0
DA:1370,0
DA:1371,0
DA:1374,0
DA:1375,0
DA:1376,0
DA:1379,0
DA:1382,0
DA:1383,0
DA:1386,0
DA:1387,0
DA:1388,0
DA:1391,0
DA:1396,0
DA:1399,0
DA:1404,0
DA:1407,1
DA:1408,0
DA:1411,1
DA:1412,0
DA:1413,0
DA:1414,0
DA:1416,0
DA:1417,0
DA:1425,0
DA:1426,0
DA:1427,0
DA:1429,0
DA:1430,0
DA:1438,0
DA:1441,1
DA:1442,0
DA:1443,0
DA:1445,0
DA:1452,1
DA:1453,0
DA:1456,0
DA:1457,0
DA:1459,0
DA:1460,0
DA:1462,0
DA:1467,0
DA:1471,0
DA:1474,0
DA:1479,0
DA:1484,0
DA:1487,0
DA:1489,0
DA:1490,0
DA:1492,0
DA:1494,0
DA:1498,0
DA:1500,0
DA:1505,0
DA:1507,0
DA:1512,1
DA:1513,0
DA:1517,0
DA:1519,0
DA:1520,0
DA:1522,0
DA:1530,32
DA:1538,384
DA:1539,32
DA:1541,32
DA:1542,32
DA:1546,128
DA:1547,128
DA:1548,128
DA:1552,128
DA:1553,0
DA:1556,128
DA:1557,128
DA:1558,128
DA:1559,128
DA:1560,128
DA:1568,16
DA:1569,16
DA:1571,16
DA:1574,16
DA:1577,16
DA:1578,16
DA:1579,0
DA:1580,0
DA:1582,0
DA:1583,0
DA:1585,0
DA:1588,16
DA:1593,16
DA:1602,0
DA:1608,0
DA:1609,0
DA:1612,1
DA:1615,16
DA:1618,37
DA:1624,16
DA:1626,16
DA:1627,16
DA:1628,5
DA:1629,5
DA:1630,2
DA:1631,2
DA:1632,1
DA:1634,2
DA:1639,3
DA:1640,3
DA:1645,3
DA:1647,3
DA:1650,11
DA:1651,11
DA:1652,11
DA:1653,9
DA:1657,2
DA:1658,2
DA:1663,9
DA:1664,7
DA:1665,7
DA:1672,2
DA:1673,2
DA:1674,2
DA:1675,2
DA:1676,1
DA:1678,2
DA:1686,16
DA:1689,1
DA:1695,16
DA:1696,16
DA:1697,16
DA:1698,16
DA:1699,16
DA:1704,5
DA:1705,5
DA:1706,5
DA:1708,11
DA:1709,5
DA:1710,5
DA:1711,5
DA:1713,6
DA:1714,6
DA:1715,6
DA:1716,6
DA:1717,6
DA:1721,4
DA:1722,4
DA:1723,4
DA:1725,2
DA:1726,2
DA:1727,2
DA:1731,2
DA:1735,2
DA:1736,2
DA:1742,16
LF:696
LH:289
BRDA:33,0,0,10
BRDA:33,0,1,0
BRDA:33,1,0,10
BRDA:33,1,1,10
BRDA:35,2,0,7
BRDA:35,2,1,3
BRDA:35,3,0,10
BRDA:35,3,1,9
BRDA:38,4,0,1
BRDA:38,4,1,2
BRDA:38,5,0,3
BRDA:38,5,1,1
BRDA:50,6,0,0
BRDA:50,6,1,0
BRDA:59,7,0,0
BRDA:59,7,1,0
BRDA:61,8,0,0
BRDA:61,8,1,0
BRDA:61,9,0,0
BRDA:61,9,1,0
BRDA:63,10,0,0
BRDA:63,10,1,0
BRDA:65,11,0,0
BRDA:65,11,1,0
BRDA:65,12,0,0
BRDA:65,12,1,0
BRDA:67,13,0,0
BRDA:67,13,1,0
BRDA:68,14,0,0
BRDA:68,14,1,0
BRDA:79,15,0,0
BRDA:79,15,1,0
BRDA:85,16,0,0
BRDA:85,16,1,0
BRDA:87,17,0,0
BRDA:87,17,1,0
BRDA:89,18,0,0
BRDA:89,18,1,0
BRDA:98,19,0,0
BRDA:98,19,1,0
BRDA:98,19,2,0
BRDA:101,20,0,0
BRDA:101,20,1,0
BRDA:109,21,0,0
BRDA:109,21,1,0
BRDA:123,22,0,0
BRDA:123,22,1,5
BRDA:124,23,0,5
BRDA:124,23,1,0
BRDA:132,24,0,5
BRDA:132,24,1,0
BRDA:134,25,0,0
BRDA:134,25,1,0
BRDA:135,26,0,0
BRDA:135,26,1,0
BRDA:135,26,2,0
BRDA:140,27,0,0
BRDA:140,27,1,0
BRDA:156,28,0,0
BRDA:156,28,1,0
BRDA:160,29,0,0
BRDA:160,29,1,0
BRDA:164,30,0,0
BRDA:164,30,1,0
BRDA:171,31,0,0
BRDA:171,31,1,0
BRDA:176,32,0,0
BRDA:176,32,1,0
BRDA:184,33,0,0
BRDA:184,33,1,0
BRDA:188,34,0,0
BRDA:188,34,1,0
BRDA:189,35,0,0
BRDA:189,35,1,0
BRDA:196,36,0,0
BRDA:196,36,1,0
BRDA:197,37,0,0
BRDA:197,37,1,0
BRDA:197,37,2,0
BRDA:211,38,0,0
BRDA:211,38,1,0
BRDA:212,39,0,0
BRDA:212,39,1,0
BRDA:222,40,0,0
BRDA:222,40,1,0
BRDA:222,41,0,0
BRDA:222,41,1,0
BRDA:229,42,0,0
BRDA:229,42,1,0
BRDA:239,43,0,0
BRDA:239,43,1,0
BRDA:242,44,0,0
BRDA:242,44,1,0
BRDA:242,45,0,0
BRDA:242,45,1,0
BRDA:250,46,0,0
BRDA:250,46,1,0
BRDA:251,47,0,0
BRDA:251,47,1,0
BRDA:270,48,0,2
BRDA:270,48,1,9
BRDA:271,49,0,11
BRDA:271,49,1,2
BRDA:271,49,2,2
BRDA:281,50,0,9
BRDA:281,50,1,0
BRDA:288,51,0,11
BRDA:288,51,1,0
BRDA:293,52,0,0
BRDA:293,52,1,0
BRDA:293,53,0,0
BRDA:293,53,1,0
BRDA:316,54,0,0
BRDA:316,54,1,0
BRDA:319,55,0,0
BRDA:319,55,1,0
BRDA:398,56,0,0
BRDA:398,56,1,0
BRDA:521,57,0,0
BRDA:521,57,1,0
BRDA:578,58,0,0
BRDA:578,58,1,0
BRDA:579,59,0,0
BRDA:579,59,1,0
BRDA:595,60,0,0
BRDA:595,60,1,0
BRDA:604,61,0,0
BRDA:604,61,1,0
BRDA:608,62,0,0
BRDA:608,62,1,0
BRDA:687,63,0,0
BRDA:687,63,1,0
BRDA:689,64,0,0
BRDA:689,64,1,0
BRDA:690,65,0,0
BRDA:690,65,1,0
BRDA:690,65,2,0
BRDA:708,66,0,0
BRDA:708,66,1,16
BRDA:711,67,0,0
BRDA:711,67,1,16
BRDA:721,68,0,0
BRDA:721,68,1,0
BRDA:739,69,0,0
BRDA:739,69,1,16
BRDA:741,70,0,0
BRDA:741,70,1,0
BRDA:741,71,0,0
BRDA:741,71,1,0
BRDA:743,72,0,0
BRDA:743,72,1,0
BRDA:745,73,0,0
BRDA:745,73,1,0
BRDA:748,74,0,0
BRDA:748,74,1,0
BRDA:753,75,0,0
BRDA:753,75,1,0
BRDA:760,76,0,16
BRDA:760,76,1,0
BRDA:790,77,0,5
BRDA:790,77,1,32
BRDA:792,78,0,0
BRDA:792,78,1,5
BRDA:795,79,0,0
BRDA:795,79,1,0
BRDA:799,80,0,0
BRDA:799,80,1,0
BRDA:803,81,0,0
BRDA:803,81,1,0
BRDA:805,82,0,0
BRDA:805,82,1,0
BRDA:806,83,0,0
BRDA:806,83,1,0
BRDA:810,84,0,0
BRDA:810,84,1,0
BRDA:812,85,0,0
BRDA:812,85,1,0
BRDA:816,86,0,0
BRDA:816,86,1,0
BRDA:816,87,0,0
BRDA:816,87,1,0
BRDA:829,88,0,0
BRDA:829,88,1,0
BRDA:842,89,0,5
BRDA:842,89,1,0
BRDA:842,90,0,5
BRDA:842,90,1,5
BRDA:844,91,0,0
BRDA:844,91,1,5
BRDA:859,92,0,32
BRDA:859,92,1,0
BRDA:860,93,0,16
BRDA:860,93,1,16
BRDA:863,94,0,16
BRDA:863,94,1,0
BRDA:865,95,0,0
BRDA:865,95,1,16
BRDA:867,96,0,0
BRDA:867,96,1,0
BRDA:869,97,0,0
BRDA:869,97,1,0
BRDA:870,98,0,0
BRDA:870,98,1,0
BRDA:870,98,2,0
BRDA:870,98,3,0
BRDA:879,99,0,0
BRDA:879,99,1,0
BRDA:890,100,0,16
BRDA:890,100,1,0
BRDA:891,101,0,0
BRDA:891,101,1,16
BRDA:896,102,0,0
BRDA:896,102,1,16
BRDA:897,103,0,16
BRDA:897,103,1,0
BRDA:903,104,0,16
BRDA:903,104,1,0
BRDA:913,105,0,16
BRDA:913,105,1,0
BRDA:913,106,0,16
BRDA:913,106,1,0
BRDA:1003,107,0,0
BRDA:1003,107,1,0
BRDA:1004,108,0,0
BRDA:1004,108,1,0
BRDA:1008,109,0,0
BRDA:1008,109,1,0
BRDA:1016,110,0,0
BRDA:1016,110,1,0
BRDA:1074,111,0,0
BRDA:1074,111,1,0
BRDA:1140,112,0,0
BRDA:1140,112,1,0
BRDA:1169,113,0,0
BRDA:1169,113,1,0
BRDA:1269,114,0,0
BRDA:1269,114,1,0
BRDA:1269,115,0,0
BRDA:1269,115,1,0
BRDA:1280,116,0,0
BRDA:1280,116,1,0
BRDA:1280,116,2,0
BRDA:1284,117,0,0
BRDA:1284,117,1,0
BRDA:1284,118,0,0
BRDA:1284,118,1,0
BRDA:1286,119,0,0
BRDA:1286,119,1,0
BRDA:1292,120,0,0
BRDA:1292,120,1,0
BRDA:1300,121,0,0
BRDA:1300,121,1,0
BRDA:1320,122,0,0
BRDA:1320,122,1,0
BRDA:1330,123,0,0
BRDA:1330,123,1,0
BRDA:1342,124,0,0
BRDA:1342,124,1,0
BRDA:1350,125,0,0
BRDA:1350,125,1,0
BRDA:1353,126,0,0
BRDA:1353,126,1,0
BRDA:1375,127,0,0
BRDA:1375,127,1,0
BRDA:1382,128,0,0
BRDA:1382,128,1,0
BRDA:1387,129,0,0
BRDA:1387,129,1,0
BRDA:1412,130,0,0
BRDA:1412,130,1,0
BRDA:1416,131,0,0
BRDA:1416,131,1,0
BRDA:1429,132,0,0
BRDA:1429,132,1,0
BRDA:1456,133,0,0
BRDA:1456,133,1,0
BRDA:1459,134,0,0
BRDA:1459,134,1,0
BRDA:1489,135,0,0
BRDA:1489,135,1,0
BRDA:1531,136,0,16
BRDA:1531,136,1,16
BRDA:1538,137,0,352
BRDA:1538,137,1,32
BRDA:1538,138,0,384
BRDA:1538,138,1,384
BRDA:1539,139,0,32
BRDA:1539,139,1,0
BRDA:1552,140,0,0
BRDA:1552,140,1,128
BRDA:1557,141,0,0
BRDA:1557,141,1,128
BRDA:1569,142,0,16
BRDA:1569,142,1,0
BRDA:1571,143,0,16
BRDA:1571,143,1,0
BRDA:1577,144,0,16
BRDA:1577,144,1,0
BRDA:1579,145,0,0
BRDA:1579,145,1,0
BRDA:1618,146,0,37
BRDA:1618,146,1,11
BRDA:1618,146,2,11
BRDA:1618,146,3,26
BRDA:1627,147,0,5
BRDA:1627,147,1,11
BRDA:1629,148,0,2
BRDA:1629,148,1,3
BRDA:1631,149,0,1
BRDA:1631,149,1,1
BRDA:1640,150,0,3
BRDA:1640,150,1,0
BRDA:1641,151,0,3
BRDA:1641,151,1,1
BRDA:1641,151,2,3
BRDA:1652,152,0,9
BRDA:1652,152,1,2
BRDA:1653,153,0,2
BRDA:1653,153,1,7
BRDA:1654,154,0,9
BRDA:1654,154,1,8
BRDA:1659,155,0,0
BRDA:1659,155,1,2
BRDA:1663,156,0,7
BRDA:1663,156,1,2
BRDA:1675,157,0,1
BRDA:1675,157,1,1
BRDA:1699,158,0,5
BRDA:1699,158,1,11
BRDA:1700,159,0,16
BRDA:1700,159,1,16
BRDA:1700,159,2,13
BRDA:1708,160,0,5
BRDA:1708,160,1,6
BRDA:1714,161,0,6
BRDA:1714,161,1,0
BRDA:1714,162,0,6
BRDA:1714,162,1,2
BRDA:1716,163,0,6
BRDA:1716,163,1,0
BRDA:1717,164,0,4
BRDA:1717,164,1,2
BRDA:1718,165,0,6
BRDA:1718,165,1,5
BRDA:1725,166,0,2
BRDA:1725,166,1,0
BRDA:1725,167,0,2
BRDA:1725,167,1,2
BRDA:1727,168,0,2
BRDA:1727,168,1,0
BRDA:1728,169,0,2
BRDA:1728,169,1,1
BRF:352
BRH:102
end_of_record
